<?xml version="1.0" encoding="UTF-8"?>
<testsuite xmlns:xsi="http://www.w3.org/2001/XMLSchema-instance" xsi:noNamespaceSchemaLocation="https://maven.apache.org/surefire/maven-surefire-plugin/xsd/surefire-test-report.xsd" name="com.example.demoJPA.DemoJpaApplicationTests" time="12.971" tests="1" errors="0" skipped="0" failures="0">
  <properties>
    <property name="java.specification.version" value="17"/>
    <property name="sun.jnu.encoding" value="UTF-8"/>
    <property name="java.class.path" value="/home/user01/RoomD/servidores/JavaEE/demoJPA/target/test-classes:/home/user01/RoomD/servidores/JavaEE/demoJPA/target/classes:/home/user01/.m2/repository/org/springframework/boot/spring-boot-starter-data-jpa/2.6.4/spring-boot-starter-data-jpa-2.6.4.jar:/home/user01/.m2/repository/org/springframework/boot/spring-boot-starter-aop/2.6.4/spring-boot-starter-aop-2.6.4.jar:/home/user01/.m2/repository/org/springframework/spring-aop/5.3.16/spring-aop-5.3.16.jar:/home/user01/.m2/repository/org/aspectj/aspectjweaver/1.9.7/aspectjweaver-1.9.7.jar:/home/user01/.m2/repository/org/springframework/boot/spring-boot-starter-jdbc/2.6.4/spring-boot-starter-jdbc-2.6.4.jar:/home/user01/.m2/repository/com/zaxxer/HikariCP/4.0.3/HikariCP-4.0.3.jar:/home/user01/.m2/repository/org/springframework/spring-jdbc/5.3.16/spring-jdbc-5.3.16.jar:/home/user01/.m2/repository/jakarta/transaction/jakarta.transaction-api/1.3.3/jakarta.transaction-api-1.3.3.jar:/home/user01/.m2/repository/jakarta/persistence/jakarta.persistence-api/2.2.3/jakarta.persistence-api-2.2.3.jar:/home/user01/.m2/repository/org/hibernate/hibernate-core/5.6.5.Final/hibernate-core-5.6.5.Final.jar:/home/user01/.m2/repository/org/jboss/logging/jboss-logging/3.4.3.Final/jboss-logging-3.4.3.Final.jar:/home/user01/.m2/repository/net/bytebuddy/byte-buddy/1.11.22/byte-buddy-1.11.22.jar:/home/user01/.m2/repository/antlr/antlr/2.7.7/antlr-2.7.7.jar:/home/user01/.m2/repository/org/jboss/jandex/2.4.2.Final/jandex-2.4.2.Final.jar:/home/user01/.m2/repository/com/fasterxml/classmate/1.5.1/classmate-1.5.1.jar:/home/user01/.m2/repository/org/hibernate/common/hibernate-commons-annotations/5.1.2.Final/hibernate-commons-annotations-5.1.2.Final.jar:/home/user01/.m2/repository/org/glassfish/jaxb/jaxb-runtime/2.3.6/jaxb-runtime-2.3.6.jar:/home/user01/.m2/repository/org/glassfish/jaxb/txw2/2.3.6/txw2-2.3.6.jar:/home/user01/.m2/repository/com/sun/istack/istack-commons-runtime/3.0.12/istack-commons-runtime-3.0.12.jar:/home/user01/.m2/repository/com/sun/activation/jakarta.activation/1.2.2/jakarta.activation-1.2.2.jar:/home/user01/.m2/repository/org/springframework/data/spring-data-jpa/2.6.2/spring-data-jpa-2.6.2.jar:/home/user01/.m2/repository/org/springframework/data/spring-data-commons/2.6.2/spring-data-commons-2.6.2.jar:/home/user01/.m2/repository/org/springframework/spring-orm/5.3.16/spring-orm-5.3.16.jar:/home/user01/.m2/repository/org/springframework/spring-context/5.3.16/spring-context-5.3.16.jar:/home/user01/.m2/repository/org/springframework/spring-tx/5.3.16/spring-tx-5.3.16.jar:/home/user01/.m2/repository/org/springframework/spring-beans/5.3.16/spring-beans-5.3.16.jar:/home/user01/.m2/repository/org/slf4j/slf4j-api/1.7.36/slf4j-api-1.7.36.jar:/home/user01/.m2/repository/org/springframework/spring-aspects/5.3.16/spring-aspects-5.3.16.jar:/home/user01/.m2/repository/org/springframework/boot/spring-boot-starter-web/2.6.4/spring-boot-starter-web-2.6.4.jar:/home/user01/.m2/repository/org/springframework/boot/spring-boot-starter/2.6.4/spring-boot-starter-2.6.4.jar:/home/user01/.m2/repository/org/springframework/boot/spring-boot-starter-logging/2.6.4/spring-boot-starter-logging-2.6.4.jar:/home/user01/.m2/repository/ch/qos/logback/logback-classic/1.2.10/logback-classic-1.2.10.jar:/home/user01/.m2/repository/ch/qos/logback/logback-core/1.2.10/logback-core-1.2.10.jar:/home/user01/.m2/repository/org/apache/logging/log4j/log4j-to-slf4j/2.17.1/log4j-to-slf4j-2.17.1.jar:/home/user01/.m2/repository/org/apache/logging/log4j/log4j-api/2.17.1/log4j-api-2.17.1.jar:/home/user01/.m2/repository/org/slf4j/jul-to-slf4j/1.7.36/jul-to-slf4j-1.7.36.jar:/home/user01/.m2/repository/jakarta/annotation/jakarta.annotation-api/1.3.5/jakarta.annotation-api-1.3.5.jar:/home/user01/.m2/repository/org/yaml/snakeyaml/1.29/snakeyaml-1.29.jar:/home/user01/.m2/repository/org/springframework/boot/spring-boot-starter-json/2.6.4/spring-boot-starter-json-2.6.4.jar:/home/user01/.m2/repository/com/fasterxml/jackson/core/jackson-databind/2.13.1/jackson-databind-2.13.1.jar:/home/user01/.m2/repository/com/fasterxml/jackson/core/jackson-annotations/2.13.1/jackson-annotations-2.13.1.jar:/home/user01/.m2/repository/com/fasterxml/jackson/datatype/jackson-datatype-jdk8/2.13.1/jackson-datatype-jdk8-2.13.1.jar:/home/user01/.m2/repository/com/fasterxml/jackson/datatype/jackson-datatype-jsr310/2.13.1/jackson-datatype-jsr310-2.13.1.jar:/home/user01/.m2/repository/com/fasterxml/jackson/module/jackson-module-parameter-names/2.13.1/jackson-module-parameter-names-2.13.1.jar:/home/user01/.m2/repository/org/springframework/spring-web/5.3.16/spring-web-5.3.16.jar:/home/user01/.m2/repository/org/springframework/spring-webmvc/5.3.16/spring-webmvc-5.3.16.jar:/home/user01/.m2/repository/org/springframework/spring-expression/5.3.16/spring-expression-5.3.16.jar:/home/user01/.m2/repository/org/springframework/boot/spring-boot-starter-jetty/2.6.4/spring-boot-starter-jetty-2.6.4.jar:/home/user01/.m2/repository/jakarta/servlet/jakarta.servlet-api/4.0.4/jakarta.servlet-api-4.0.4.jar:/home/user01/.m2/repository/jakarta/websocket/jakarta.websocket-api/1.1.2/jakarta.websocket-api-1.1.2.jar:/home/user01/.m2/repository/org/apache/tomcat/embed/tomcat-embed-el/9.0.58/tomcat-embed-el-9.0.58.jar:/home/user01/.m2/repository/org/eclipse/jetty/jetty-servlets/9.4.45.v20220203/jetty-servlets-9.4.45.v20220203.jar:/home/user01/.m2/repository/org/eclipse/jetty/jetty-continuation/9.4.45.v20220203/jetty-continuation-9.4.45.v20220203.jar:/home/user01/.m2/repository/org/eclipse/jetty/jetty-http/9.4.45.v20220203/jetty-http-9.4.45.v20220203.jar:/home/user01/.m2/repository/org/eclipse/jetty/jetty-util/9.4.45.v20220203/jetty-util-9.4.45.v20220203.jar:/home/user01/.m2/repository/org/eclipse/jetty/jetty-io/9.4.45.v20220203/jetty-io-9.4.45.v20220203.jar:/home/user01/.m2/repository/org/eclipse/jetty/jetty-webapp/9.4.45.v20220203/jetty-webapp-9.4.45.v20220203.jar:/home/user01/.m2/repository/org/eclipse/jetty/jetty-xml/9.4.45.v20220203/jetty-xml-9.4.45.v20220203.jar:/home/user01/.m2/repository/org/eclipse/jetty/jetty-servlet/9.4.45.v20220203/jetty-servlet-9.4.45.v20220203.jar:/home/user01/.m2/repository/org/eclipse/jetty/jetty-security/9.4.45.v20220203/jetty-security-9.4.45.v20220203.jar:/home/user01/.m2/repository/org/eclipse/jetty/jetty-server/9.4.45.v20220203/jetty-server-9.4.45.v20220203.jar:/home/user01/.m2/repository/org/eclipse/jetty/jetty-util-ajax/9.4.45.v20220203/jetty-util-ajax-9.4.45.v20220203.jar:/home/user01/.m2/repository/org/eclipse/jetty/websocket/websocket-server/9.4.45.v20220203/websocket-server-9.4.45.v20220203.jar:/home/user01/.m2/repository/org/eclipse/jetty/websocket/websocket-common/9.4.45.v20220203/websocket-common-9.4.45.v20220203.jar:/home/user01/.m2/repository/org/eclipse/jetty/websocket/websocket-api/9.4.45.v20220203/websocket-api-9.4.45.v20220203.jar:/home/user01/.m2/repository/org/eclipse/jetty/websocket/websocket-client/9.4.45.v20220203/websocket-client-9.4.45.v20220203.jar:/home/user01/.m2/repository/org/eclipse/jetty/jetty-client/9.4.45.v20220203/jetty-client-9.4.45.v20220203.jar:/home/user01/.m2/repository/org/eclipse/jetty/websocket/websocket-servlet/9.4.45.v20220203/websocket-servlet-9.4.45.v20220203.jar:/home/user01/.m2/repository/org/eclipse/jetty/websocket/javax-websocket-server-impl/9.4.45.v20220203/javax-websocket-server-impl-9.4.45.v20220203.jar:/home/user01/.m2/repository/org/eclipse/jetty/jetty-annotations/9.4.45.v20220203/jetty-annotations-9.4.45.v20220203.jar:/home/user01/.m2/repository/org/eclipse/jetty/jetty-plus/9.4.45.v20220203/jetty-plus-9.4.45.v20220203.jar:/home/user01/.m2/repository/org/ow2/asm/asm/9.2/asm-9.2.jar:/home/user01/.m2/repository/org/ow2/asm/asm-commons/9.2/asm-commons-9.2.jar:/home/user01/.m2/repository/org/ow2/asm/asm-tree/9.2/asm-tree-9.2.jar:/home/user01/.m2/repository/org/ow2/asm/asm-analysis/9.2/asm-analysis-9.2.jar:/home/user01/.m2/repository/org/eclipse/jetty/websocket/javax-websocket-client-impl/9.4.45.v20220203/javax-websocket-client-impl-9.4.45.v20220203.jar:/home/user01/.m2/repository/org/springframework/boot/spring-boot-starter-actuator/2.6.4/spring-boot-starter-actuator-2.6.4.jar:/home/user01/.m2/repository/org/springframework/boot/spring-boot-actuator-autoconfigure/2.6.4/spring-boot-actuator-autoconfigure-2.6.4.jar:/home/user01/.m2/repository/org/springframework/boot/spring-boot-actuator/2.6.4/spring-boot-actuator-2.6.4.jar:/home/user01/.m2/repository/io/micrometer/micrometer-core/1.8.3/micrometer-core-1.8.3.jar:/home/user01/.m2/repository/org/hdrhistogram/HdrHistogram/2.1.12/HdrHistogram-2.1.12.jar:/home/user01/.m2/repository/org/latencyutils/LatencyUtils/2.0.3/LatencyUtils-2.0.3.jar:/home/user01/.m2/repository/org/apache/tomcat/embed/tomcat-embed-jasper/9.0.58/tomcat-embed-jasper-9.0.58.jar:/home/user01/.m2/repository/org/apache/tomcat/embed/tomcat-embed-core/9.0.58/tomcat-embed-core-9.0.58.jar:/home/user01/.m2/repository/org/apache/tomcat/tomcat-annotations-api/9.0.58/tomcat-annotations-api-9.0.58.jar:/home/user01/.m2/repository/org/eclipse/jdt/ecj/3.18.0/ecj-3.18.0.jar:/home/user01/.m2/repository/javax/servlet/jstl/1.2/jstl-1.2.jar:/home/user01/.m2/repository/org/springframework/boot/spring-boot-devtools/2.6.4/spring-boot-devtools-2.6.4.jar:/home/user01/.m2/repository/org/springframework/boot/spring-boot/2.6.4/spring-boot-2.6.4.jar:/home/user01/.m2/repository/org/springframework/boot/spring-boot-autoconfigure/2.6.4/spring-boot-autoconfigure-2.6.4.jar:/home/user01/.m2/repository/org/postgresql/postgresql/42.3.3/postgresql-42.3.3.jar:/home/user01/.m2/repository/org/checkerframework/checker-qual/3.5.0/checker-qual-3.5.0.jar:/home/user01/.m2/repository/org/springframework/boot/spring-boot-starter-test/2.6.4/spring-boot-starter-test-2.6.4.jar:/home/user01/.m2/repository/org/springframework/boot/spring-boot-test/2.6.4/spring-boot-test-2.6.4.jar:/home/user01/.m2/repository/org/springframework/boot/spring-boot-test-autoconfigure/2.6.4/spring-boot-test-autoconfigure-2.6.4.jar:/home/user01/.m2/repository/com/jayway/jsonpath/json-path/2.6.0/json-path-2.6.0.jar:/home/user01/.m2/repository/net/minidev/json-smart/2.4.8/json-smart-2.4.8.jar:/home/user01/.m2/repository/net/minidev/accessors-smart/2.4.8/accessors-smart-2.4.8.jar:/home/user01/.m2/repository/jakarta/xml/bind/jakarta.xml.bind-api/2.3.3/jakarta.xml.bind-api-2.3.3.jar:/home/user01/.m2/repository/jakarta/activation/jakarta.activation-api/1.2.2/jakarta.activation-api-1.2.2.jar:/home/user01/.m2/repository/org/assertj/assertj-core/3.21.0/assertj-core-3.21.0.jar:/home/user01/.m2/repository/org/hamcrest/hamcrest/2.2/hamcrest-2.2.jar:/home/user01/.m2/repository/org/junit/jupiter/junit-jupiter/5.8.2/junit-jupiter-5.8.2.jar:/home/user01/.m2/repository/org/junit/jupiter/junit-jupiter-api/5.8.2/junit-jupiter-api-5.8.2.jar:/home/user01/.m2/repository/org/opentest4j/opentest4j/1.2.0/opentest4j-1.2.0.jar:/home/user01/.m2/repository/org/junit/platform/junit-platform-commons/1.8.2/junit-platform-commons-1.8.2.jar:/home/user01/.m2/repository/org/apiguardian/apiguardian-api/1.1.2/apiguardian-api-1.1.2.jar:/home/user01/.m2/repository/org/junit/jupiter/junit-jupiter-params/5.8.2/junit-jupiter-params-5.8.2.jar:/home/user01/.m2/repository/org/junit/jupiter/junit-jupiter-engine/5.8.2/junit-jupiter-engine-5.8.2.jar:/home/user01/.m2/repository/org/junit/platform/junit-platform-engine/1.8.2/junit-platform-engine-1.8.2.jar:/home/user01/.m2/repository/org/mockito/mockito-core/4.0.0/mockito-core-4.0.0.jar:/home/user01/.m2/repository/net/bytebuddy/byte-buddy-agent/1.11.22/byte-buddy-agent-1.11.22.jar:/home/user01/.m2/repository/org/objenesis/objenesis/3.2/objenesis-3.2.jar:/home/user01/.m2/repository/org/mockito/mockito-junit-jupiter/4.0.0/mockito-junit-jupiter-4.0.0.jar:/home/user01/.m2/repository/org/skyscreamer/jsonassert/1.5.0/jsonassert-1.5.0.jar:/home/user01/.m2/repository/com/vaadin/external/google/android-json/0.0.20131108.vaadin1/android-json-0.0.20131108.vaadin1.jar:/home/user01/.m2/repository/org/springframework/spring-core/5.3.16/spring-core-5.3.16.jar:/home/user01/.m2/repository/org/springframework/spring-jcl/5.3.16/spring-jcl-5.3.16.jar:/home/user01/.m2/repository/org/springframework/spring-test/5.3.16/spring-test-5.3.16.jar:/home/user01/.m2/repository/org/xmlunit/xmlunit-core/2.8.4/xmlunit-core-2.8.4.jar:/home/user01/.m2/repository/org/eclipse/persistence/org.eclipse.persistence.core/2.5.2/org.eclipse.persistence.core-2.5.2.jar:/home/user01/.m2/repository/org/eclipse/persistence/org.eclipse.persistence.asm/2.5.2/org.eclipse.persistence.asm-2.5.2.jar:/home/user01/.m2/repository/org/eclipse/persistence/org.eclipse.persistence.antlr/2.5.2/org.eclipse.persistence.antlr-2.5.2.jar:/home/user01/.m2/repository/org/eclipse/persistence/org.eclipse.persistence.jpa/2.5.2/org.eclipse.persistence.jpa-2.5.2.jar:/home/user01/.m2/repository/org/eclipse/persistence/org.eclipse.persistence.jpa.jpql/2.5.2/org.eclipse.persistence.jpa.jpql-2.5.2.jar:/home/user01/.m2/repository/org/eclipse/persistence/javax.persistence/2.1.0/javax.persistence-2.1.0.jar:/home/user01/.m2/repository/org/eclipse/persistence/org.eclipse.persistence.jpa.modelgen.processor/2.5.2/org.eclipse.persistence.jpa.modelgen.processor-2.5.2.jar:/home/user01/.m2/repository/org/springdoc/springdoc-openapi-ui/1.6.6/springdoc-openapi-ui-1.6.6.jar:/home/user01/.m2/repository/org/springdoc/springdoc-openapi-webmvc-core/1.6.6/springdoc-openapi-webmvc-core-1.6.6.jar:/home/user01/.m2/repository/org/springdoc/springdoc-openapi-common/1.6.6/springdoc-openapi-common-1.6.6.jar:/home/user01/.m2/repository/io/swagger/core/v3/swagger-core/2.1.12/swagger-core-2.1.12.jar:/home/user01/.m2/repository/org/apache/commons/commons-lang3/3.12.0/commons-lang3-3.12.0.jar:/home/user01/.m2/repository/com/fasterxml/jackson/dataformat/jackson-dataformat-yaml/2.13.1/jackson-dataformat-yaml-2.13.1.jar:/home/user01/.m2/repository/io/swagger/core/v3/swagger-annotations/2.1.12/swagger-annotations-2.1.12.jar:/home/user01/.m2/repository/io/swagger/core/v3/swagger-models/2.1.12/swagger-models-2.1.12.jar:/home/user01/.m2/repository/jakarta/validation/jakarta.validation-api/2.0.2/jakarta.validation-api-2.0.2.jar:/home/user01/.m2/repository/org/webjars/swagger-ui/4.5.0/swagger-ui-4.5.0.jar:/home/user01/.m2/repository/org/webjars/webjars-locator-core/0.48/webjars-locator-core-0.48.jar:/home/user01/.m2/repository/com/fasterxml/jackson/core/jackson-core/2.13.1/jackson-core-2.13.1.jar:/home/user01/.m2/repository/io/github/classgraph/classgraph/4.8.138/classgraph-4.8.138.jar:"/>
    <property name="java.vm.vendor" value="Private Build"/>
    <property name="sun.arch.data.model" value="64"/>
    <property name="java.vendor.url" value="Unknown"/>
    <property name="os.name" value="Linux"/>
    <property name="java.vm.specification.version" value="17"/>
    <property name="sun.java.launcher" value="SUN_STANDARD"/>
    <property name="user.country" value="CO"/>
    <property name="sun.boot.library.path" value="/usr/lib/jvm/java-17-openjdk-amd64/lib"/>
    <property name="sun.java.command" value="/home/user01/RoomD/servidores/JavaEE/demoJPA/target/surefire/surefirebooter1212091440407269835.jar /home/user01/RoomD/servidores/JavaEE/demoJPA/target/surefire 2023-01-29T05-37-13_324-jvmRun1 surefire16055316774329177987tmp surefire_013885983460372356803tmp"/>
    <property name="jdk.debug" value="release"/>
    <property name="surefire.test.class.path" value="/home/user01/RoomD/servidores/JavaEE/demoJPA/target/test-classes:/home/user01/RoomD/servidores/JavaEE/demoJPA/target/classes:/home/user01/.m2/repository/org/springframework/boot/spring-boot-starter-data-jpa/2.6.4/spring-boot-starter-data-jpa-2.6.4.jar:/home/user01/.m2/repository/org/springframework/boot/spring-boot-starter-aop/2.6.4/spring-boot-starter-aop-2.6.4.jar:/home/user01/.m2/repository/org/springframework/spring-aop/5.3.16/spring-aop-5.3.16.jar:/home/user01/.m2/repository/org/aspectj/aspectjweaver/1.9.7/aspectjweaver-1.9.7.jar:/home/user01/.m2/repository/org/springframework/boot/spring-boot-starter-jdbc/2.6.4/spring-boot-starter-jdbc-2.6.4.jar:/home/user01/.m2/repository/com/zaxxer/HikariCP/4.0.3/HikariCP-4.0.3.jar:/home/user01/.m2/repository/org/springframework/spring-jdbc/5.3.16/spring-jdbc-5.3.16.jar:/home/user01/.m2/repository/jakarta/transaction/jakarta.transaction-api/1.3.3/jakarta.transaction-api-1.3.3.jar:/home/user01/.m2/repository/jakarta/persistence/jakarta.persistence-api/2.2.3/jakarta.persistence-api-2.2.3.jar:/home/user01/.m2/repository/org/hibernate/hibernate-core/5.6.5.Final/hibernate-core-5.6.5.Final.jar:/home/user01/.m2/repository/org/jboss/logging/jboss-logging/3.4.3.Final/jboss-logging-3.4.3.Final.jar:/home/user01/.m2/repository/net/bytebuddy/byte-buddy/1.11.22/byte-buddy-1.11.22.jar:/home/user01/.m2/repository/antlr/antlr/2.7.7/antlr-2.7.7.jar:/home/user01/.m2/repository/org/jboss/jandex/2.4.2.Final/jandex-2.4.2.Final.jar:/home/user01/.m2/repository/com/fasterxml/classmate/1.5.1/classmate-1.5.1.jar:/home/user01/.m2/repository/org/hibernate/common/hibernate-commons-annotations/5.1.2.Final/hibernate-commons-annotations-5.1.2.Final.jar:/home/user01/.m2/repository/org/glassfish/jaxb/jaxb-runtime/2.3.6/jaxb-runtime-2.3.6.jar:/home/user01/.m2/repository/org/glassfish/jaxb/txw2/2.3.6/txw2-2.3.6.jar:/home/user01/.m2/repository/com/sun/istack/istack-commons-runtime/3.0.12/istack-commons-runtime-3.0.12.jar:/home/user01/.m2/repository/com/sun/activation/jakarta.activation/1.2.2/jakarta.activation-1.2.2.jar:/home/user01/.m2/repository/org/springframework/data/spring-data-jpa/2.6.2/spring-data-jpa-2.6.2.jar:/home/user01/.m2/repository/org/springframework/data/spring-data-commons/2.6.2/spring-data-commons-2.6.2.jar:/home/user01/.m2/repository/org/springframework/spring-orm/5.3.16/spring-orm-5.3.16.jar:/home/user01/.m2/repository/org/springframework/spring-context/5.3.16/spring-context-5.3.16.jar:/home/user01/.m2/repository/org/springframework/spring-tx/5.3.16/spring-tx-5.3.16.jar:/home/user01/.m2/repository/org/springframework/spring-beans/5.3.16/spring-beans-5.3.16.jar:/home/user01/.m2/repository/org/slf4j/slf4j-api/1.7.36/slf4j-api-1.7.36.jar:/home/user01/.m2/repository/org/springframework/spring-aspects/5.3.16/spring-aspects-5.3.16.jar:/home/user01/.m2/repository/org/springframework/boot/spring-boot-starter-web/2.6.4/spring-boot-starter-web-2.6.4.jar:/home/user01/.m2/repository/org/springframework/boot/spring-boot-starter/2.6.4/spring-boot-starter-2.6.4.jar:/home/user01/.m2/repository/org/springframework/boot/spring-boot-starter-logging/2.6.4/spring-boot-starter-logging-2.6.4.jar:/home/user01/.m2/repository/ch/qos/logback/logback-classic/1.2.10/logback-classic-1.2.10.jar:/home/user01/.m2/repository/ch/qos/logback/logback-core/1.2.10/logback-core-1.2.10.jar:/home/user01/.m2/repository/org/apache/logging/log4j/log4j-to-slf4j/2.17.1/log4j-to-slf4j-2.17.1.jar:/home/user01/.m2/repository/org/apache/logging/log4j/log4j-api/2.17.1/log4j-api-2.17.1.jar:/home/user01/.m2/repository/org/slf4j/jul-to-slf4j/1.7.36/jul-to-slf4j-1.7.36.jar:/home/user01/.m2/repository/jakarta/annotation/jakarta.annotation-api/1.3.5/jakarta.annotation-api-1.3.5.jar:/home/user01/.m2/repository/org/yaml/snakeyaml/1.29/snakeyaml-1.29.jar:/home/user01/.m2/repository/org/springframework/boot/spring-boot-starter-json/2.6.4/spring-boot-starter-json-2.6.4.jar:/home/user01/.m2/repository/com/fasterxml/jackson/core/jackson-databind/2.13.1/jackson-databind-2.13.1.jar:/home/user01/.m2/repository/com/fasterxml/jackson/core/jackson-annotations/2.13.1/jackson-annotations-2.13.1.jar:/home/user01/.m2/repository/com/fasterxml/jackson/datatype/jackson-datatype-jdk8/2.13.1/jackson-datatype-jdk8-2.13.1.jar:/home/user01/.m2/repository/com/fasterxml/jackson/datatype/jackson-datatype-jsr310/2.13.1/jackson-datatype-jsr310-2.13.1.jar:/home/user01/.m2/repository/com/fasterxml/jackson/module/jackson-module-parameter-names/2.13.1/jackson-module-parameter-names-2.13.1.jar:/home/user01/.m2/repository/org/springframework/spring-web/5.3.16/spring-web-5.3.16.jar:/home/user01/.m2/repository/org/springframework/spring-webmvc/5.3.16/spring-webmvc-5.3.16.jar:/home/user01/.m2/repository/org/springframework/spring-expression/5.3.16/spring-expression-5.3.16.jar:/home/user01/.m2/repository/org/springframework/boot/spring-boot-starter-jetty/2.6.4/spring-boot-starter-jetty-2.6.4.jar:/home/user01/.m2/repository/jakarta/servlet/jakarta.servlet-api/4.0.4/jakarta.servlet-api-4.0.4.jar:/home/user01/.m2/repository/jakarta/websocket/jakarta.websocket-api/1.1.2/jakarta.websocket-api-1.1.2.jar:/home/user01/.m2/repository/org/apache/tomcat/embed/tomcat-embed-el/9.0.58/tomcat-embed-el-9.0.58.jar:/home/user01/.m2/repository/org/eclipse/jetty/jetty-servlets/9.4.45.v20220203/jetty-servlets-9.4.45.v20220203.jar:/home/user01/.m2/repository/org/eclipse/jetty/jetty-continuation/9.4.45.v20220203/jetty-continuation-9.4.45.v20220203.jar:/home/user01/.m2/repository/org/eclipse/jetty/jetty-http/9.4.45.v20220203/jetty-http-9.4.45.v20220203.jar:/home/user01/.m2/repository/org/eclipse/jetty/jetty-util/9.4.45.v20220203/jetty-util-9.4.45.v20220203.jar:/home/user01/.m2/repository/org/eclipse/jetty/jetty-io/9.4.45.v20220203/jetty-io-9.4.45.v20220203.jar:/home/user01/.m2/repository/org/eclipse/jetty/jetty-webapp/9.4.45.v20220203/jetty-webapp-9.4.45.v20220203.jar:/home/user01/.m2/repository/org/eclipse/jetty/jetty-xml/9.4.45.v20220203/jetty-xml-9.4.45.v20220203.jar:/home/user01/.m2/repository/org/eclipse/jetty/jetty-servlet/9.4.45.v20220203/jetty-servlet-9.4.45.v20220203.jar:/home/user01/.m2/repository/org/eclipse/jetty/jetty-security/9.4.45.v20220203/jetty-security-9.4.45.v20220203.jar:/home/user01/.m2/repository/org/eclipse/jetty/jetty-server/9.4.45.v20220203/jetty-server-9.4.45.v20220203.jar:/home/user01/.m2/repository/org/eclipse/jetty/jetty-util-ajax/9.4.45.v20220203/jetty-util-ajax-9.4.45.v20220203.jar:/home/user01/.m2/repository/org/eclipse/jetty/websocket/websocket-server/9.4.45.v20220203/websocket-server-9.4.45.v20220203.jar:/home/user01/.m2/repository/org/eclipse/jetty/websocket/websocket-common/9.4.45.v20220203/websocket-common-9.4.45.v20220203.jar:/home/user01/.m2/repository/org/eclipse/jetty/websocket/websocket-api/9.4.45.v20220203/websocket-api-9.4.45.v20220203.jar:/home/user01/.m2/repository/org/eclipse/jetty/websocket/websocket-client/9.4.45.v20220203/websocket-client-9.4.45.v20220203.jar:/home/user01/.m2/repository/org/eclipse/jetty/jetty-client/9.4.45.v20220203/jetty-client-9.4.45.v20220203.jar:/home/user01/.m2/repository/org/eclipse/jetty/websocket/websocket-servlet/9.4.45.v20220203/websocket-servlet-9.4.45.v20220203.jar:/home/user01/.m2/repository/org/eclipse/jetty/websocket/javax-websocket-server-impl/9.4.45.v20220203/javax-websocket-server-impl-9.4.45.v20220203.jar:/home/user01/.m2/repository/org/eclipse/jetty/jetty-annotations/9.4.45.v20220203/jetty-annotations-9.4.45.v20220203.jar:/home/user01/.m2/repository/org/eclipse/jetty/jetty-plus/9.4.45.v20220203/jetty-plus-9.4.45.v20220203.jar:/home/user01/.m2/repository/org/ow2/asm/asm/9.2/asm-9.2.jar:/home/user01/.m2/repository/org/ow2/asm/asm-commons/9.2/asm-commons-9.2.jar:/home/user01/.m2/repository/org/ow2/asm/asm-tree/9.2/asm-tree-9.2.jar:/home/user01/.m2/repository/org/ow2/asm/asm-analysis/9.2/asm-analysis-9.2.jar:/home/user01/.m2/repository/org/eclipse/jetty/websocket/javax-websocket-client-impl/9.4.45.v20220203/javax-websocket-client-impl-9.4.45.v20220203.jar:/home/user01/.m2/repository/org/springframework/boot/spring-boot-starter-actuator/2.6.4/spring-boot-starter-actuator-2.6.4.jar:/home/user01/.m2/repository/org/springframework/boot/spring-boot-actuator-autoconfigure/2.6.4/spring-boot-actuator-autoconfigure-2.6.4.jar:/home/user01/.m2/repository/org/springframework/boot/spring-boot-actuator/2.6.4/spring-boot-actuator-2.6.4.jar:/home/user01/.m2/repository/io/micrometer/micrometer-core/1.8.3/micrometer-core-1.8.3.jar:/home/user01/.m2/repository/org/hdrhistogram/HdrHistogram/2.1.12/HdrHistogram-2.1.12.jar:/home/user01/.m2/repository/org/latencyutils/LatencyUtils/2.0.3/LatencyUtils-2.0.3.jar:/home/user01/.m2/repository/org/apache/tomcat/embed/tomcat-embed-jasper/9.0.58/tomcat-embed-jasper-9.0.58.jar:/home/user01/.m2/repository/org/apache/tomcat/embed/tomcat-embed-core/9.0.58/tomcat-embed-core-9.0.58.jar:/home/user01/.m2/repository/org/apache/tomcat/tomcat-annotations-api/9.0.58/tomcat-annotations-api-9.0.58.jar:/home/user01/.m2/repository/org/eclipse/jdt/ecj/3.18.0/ecj-3.18.0.jar:/home/user01/.m2/repository/javax/servlet/jstl/1.2/jstl-1.2.jar:/home/user01/.m2/repository/org/springframework/boot/spring-boot-devtools/2.6.4/spring-boot-devtools-2.6.4.jar:/home/user01/.m2/repository/org/springframework/boot/spring-boot/2.6.4/spring-boot-2.6.4.jar:/home/user01/.m2/repository/org/springframework/boot/spring-boot-autoconfigure/2.6.4/spring-boot-autoconfigure-2.6.4.jar:/home/user01/.m2/repository/org/postgresql/postgresql/42.3.3/postgresql-42.3.3.jar:/home/user01/.m2/repository/org/checkerframework/checker-qual/3.5.0/checker-qual-3.5.0.jar:/home/user01/.m2/repository/org/springframework/boot/spring-boot-starter-test/2.6.4/spring-boot-starter-test-2.6.4.jar:/home/user01/.m2/repository/org/springframework/boot/spring-boot-test/2.6.4/spring-boot-test-2.6.4.jar:/home/user01/.m2/repository/org/springframework/boot/spring-boot-test-autoconfigure/2.6.4/spring-boot-test-autoconfigure-2.6.4.jar:/home/user01/.m2/repository/com/jayway/jsonpath/json-path/2.6.0/json-path-2.6.0.jar:/home/user01/.m2/repository/net/minidev/json-smart/2.4.8/json-smart-2.4.8.jar:/home/user01/.m2/repository/net/minidev/accessors-smart/2.4.8/accessors-smart-2.4.8.jar:/home/user01/.m2/repository/jakarta/xml/bind/jakarta.xml.bind-api/2.3.3/jakarta.xml.bind-api-2.3.3.jar:/home/user01/.m2/repository/jakarta/activation/jakarta.activation-api/1.2.2/jakarta.activation-api-1.2.2.jar:/home/user01/.m2/repository/org/assertj/assertj-core/3.21.0/assertj-core-3.21.0.jar:/home/user01/.m2/repository/org/hamcrest/hamcrest/2.2/hamcrest-2.2.jar:/home/user01/.m2/repository/org/junit/jupiter/junit-jupiter/5.8.2/junit-jupiter-5.8.2.jar:/home/user01/.m2/repository/org/junit/jupiter/junit-jupiter-api/5.8.2/junit-jupiter-api-5.8.2.jar:/home/user01/.m2/repository/org/opentest4j/opentest4j/1.2.0/opentest4j-1.2.0.jar:/home/user01/.m2/repository/org/junit/platform/junit-platform-commons/1.8.2/junit-platform-commons-1.8.2.jar:/home/user01/.m2/repository/org/apiguardian/apiguardian-api/1.1.2/apiguardian-api-1.1.2.jar:/home/user01/.m2/repository/org/junit/jupiter/junit-jupiter-params/5.8.2/junit-jupiter-params-5.8.2.jar:/home/user01/.m2/repository/org/junit/jupiter/junit-jupiter-engine/5.8.2/junit-jupiter-engine-5.8.2.jar:/home/user01/.m2/repository/org/junit/platform/junit-platform-engine/1.8.2/junit-platform-engine-1.8.2.jar:/home/user01/.m2/repository/org/mockito/mockito-core/4.0.0/mockito-core-4.0.0.jar:/home/user01/.m2/repository/net/bytebuddy/byte-buddy-agent/1.11.22/byte-buddy-agent-1.11.22.jar:/home/user01/.m2/repository/org/objenesis/objenesis/3.2/objenesis-3.2.jar:/home/user01/.m2/repository/org/mockito/mockito-junit-jupiter/4.0.0/mockito-junit-jupiter-4.0.0.jar:/home/user01/.m2/repository/org/skyscreamer/jsonassert/1.5.0/jsonassert-1.5.0.jar:/home/user01/.m2/repository/com/vaadin/external/google/android-json/0.0.20131108.vaadin1/android-json-0.0.20131108.vaadin1.jar:/home/user01/.m2/repository/org/springframework/spring-core/5.3.16/spring-core-5.3.16.jar:/home/user01/.m2/repository/org/springframework/spring-jcl/5.3.16/spring-jcl-5.3.16.jar:/home/user01/.m2/repository/org/springframework/spring-test/5.3.16/spring-test-5.3.16.jar:/home/user01/.m2/repository/org/xmlunit/xmlunit-core/2.8.4/xmlunit-core-2.8.4.jar:/home/user01/.m2/repository/org/eclipse/persistence/org.eclipse.persistence.core/2.5.2/org.eclipse.persistence.core-2.5.2.jar:/home/user01/.m2/repository/org/eclipse/persistence/org.eclipse.persistence.asm/2.5.2/org.eclipse.persistence.asm-2.5.2.jar:/home/user01/.m2/repository/org/eclipse/persistence/org.eclipse.persistence.antlr/2.5.2/org.eclipse.persistence.antlr-2.5.2.jar:/home/user01/.m2/repository/org/eclipse/persistence/org.eclipse.persistence.jpa/2.5.2/org.eclipse.persistence.jpa-2.5.2.jar:/home/user01/.m2/repository/org/eclipse/persistence/org.eclipse.persistence.jpa.jpql/2.5.2/org.eclipse.persistence.jpa.jpql-2.5.2.jar:/home/user01/.m2/repository/org/eclipse/persistence/javax.persistence/2.1.0/javax.persistence-2.1.0.jar:/home/user01/.m2/repository/org/eclipse/persistence/org.eclipse.persistence.jpa.modelgen.processor/2.5.2/org.eclipse.persistence.jpa.modelgen.processor-2.5.2.jar:/home/user01/.m2/repository/org/springdoc/springdoc-openapi-ui/1.6.6/springdoc-openapi-ui-1.6.6.jar:/home/user01/.m2/repository/org/springdoc/springdoc-openapi-webmvc-core/1.6.6/springdoc-openapi-webmvc-core-1.6.6.jar:/home/user01/.m2/repository/org/springdoc/springdoc-openapi-common/1.6.6/springdoc-openapi-common-1.6.6.jar:/home/user01/.m2/repository/io/swagger/core/v3/swagger-core/2.1.12/swagger-core-2.1.12.jar:/home/user01/.m2/repository/org/apache/commons/commons-lang3/3.12.0/commons-lang3-3.12.0.jar:/home/user01/.m2/repository/com/fasterxml/jackson/dataformat/jackson-dataformat-yaml/2.13.1/jackson-dataformat-yaml-2.13.1.jar:/home/user01/.m2/repository/io/swagger/core/v3/swagger-annotations/2.1.12/swagger-annotations-2.1.12.jar:/home/user01/.m2/repository/io/swagger/core/v3/swagger-models/2.1.12/swagger-models-2.1.12.jar:/home/user01/.m2/repository/jakarta/validation/jakarta.validation-api/2.0.2/jakarta.validation-api-2.0.2.jar:/home/user01/.m2/repository/org/webjars/swagger-ui/4.5.0/swagger-ui-4.5.0.jar:/home/user01/.m2/repository/org/webjars/webjars-locator-core/0.48/webjars-locator-core-0.48.jar:/home/user01/.m2/repository/com/fasterxml/jackson/core/jackson-core/2.13.1/jackson-core-2.13.1.jar:/home/user01/.m2/repository/io/github/classgraph/classgraph/4.8.138/classgraph-4.8.138.jar:"/>
    <property name="sun.cpu.endian" value="little"/>
    <property name="user.home" value="/home/user01"/>
    <property name="user.language" value="es"/>
    <property name="java.specification.vendor" value="Oracle Corporation"/>
    <property name="java.version.date" value="2022-10-18"/>
    <property name="java.home" value="/usr/lib/jvm/java-17-openjdk-amd64"/>
    <property name="file.separator" value="/"/>
    <property name="basedir" value="/home/user01/RoomD/servidores/JavaEE/demoJPA"/>
    <property name="java.vm.compressedOopsMode" value="32-bit"/>
    <property name="line.separator" value="&#10;"/>
    <property name="java.vm.specification.vendor" value="Oracle Corporation"/>
    <property name="java.specification.name" value="Java Platform API Specification"/>
    <property name="surefire.real.class.path" value="/home/user01/RoomD/servidores/JavaEE/demoJPA/target/surefire/surefirebooter1212091440407269835.jar"/>
    <property name="sun.management.compiler" value="HotSpot 64-Bit Tiered Compilers"/>
    <property name="java.runtime.version" value="17.0.5+8-Ubuntu-2ubuntu120.04"/>
    <property name="user.name" value="user01"/>
    <property name="path.separator" value=":"/>
    <property name="os.version" value="5.15.0-58-generic"/>
    <property name="java.runtime.name" value="OpenJDK Runtime Environment"/>
    <property name="file.encoding" value="UTF-8"/>
    <property name="java.vm.name" value="OpenJDK 64-Bit Server VM"/>
    <property name="localRepository" value="/home/user01/.m2/repository"/>
    <property name="java.vendor.url.bug" value="Unknown"/>
    <property name="java.io.tmpdir" value="/tmp"/>
    <property name="java.version" value="17.0.5"/>
    <property name="user.dir" value="/home/user01/RoomD/servidores/JavaEE/demoJPA"/>
    <property name="os.arch" value="amd64"/>
    <property name="java.vm.specification.name" value="Java Virtual Machine Specification"/>
    <property name="native.encoding" value="UTF-8"/>
    <property name="java.library.path" value=":/usr/java/packages/lib:/usr/lib/x86_64-linux-gnu/jni:/lib/x86_64-linux-gnu:/usr/lib/x86_64-linux-gnu:/usr/lib/jni:/lib:/usr/lib"/>
    <property name="java.vm.info" value="mixed mode, sharing"/>
    <property name="java.vendor" value="Private Build"/>
    <property name="java.vm.version" value="17.0.5+8-Ubuntu-2ubuntu120.04"/>
    <property name="sun.io.unicode.encoding" value="UnicodeLittle"/>
    <property name="java.class.version" value="61.0"/>
  </properties>
  <testcase name="contextLoads" classname="com.example.demoJPA.DemoJpaApplicationTests" time="0.277"/>
</testsuite>